{"total": {"lines":{"total":379,"covered":364,"skipped":0,"pct":96.04},"statements":{"total":383,"covered":368,"skipped":0,"pct":96.08},"functions":{"total":70,"covered":70,"skipped":0,"pct":100},"branches":{"total":80,"covered":66,"skipped":0,"pct":82.5},"branchesTrue":{"total":0,"covered":0,"skipped":0,"pct":100}}
,"/Users/isrand/projects/ibm/hetsdk/src/index.ts": {"lines":{"total":192,"covered":177,"skipped":0,"pct":92.18},"functions":{"total":29,"covered":29,"skipped":0,"pct":100},"statements":{"total":194,"covered":179,"skipped":0,"pct":92.26},"branches":{"total":40,"covered":30,"skipped":0,"pct":75}}
,"/Users/isrand/projects/ibm/hetsdk/src/crypto/Crypto.ts": {"lines":{"total":14,"covered":14,"skipped":0,"pct":100},"functions":{"total":8,"covered":8,"skipped":0,"pct":100},"statements":{"total":15,"covered":15,"skipped":0,"pct":100},"branches":{"total":2,"covered":2,"skipped":0,"pct":100}}
,"/Users/isrand/projects/ibm/hetsdk/src/crypto/adapters/DefaultAdapter.ts": {"lines":{"total":10,"covered":10,"skipped":0,"pct":100},"functions":{"total":2,"covered":2,"skipped":0,"pct":100},"statements":{"total":10,"covered":10,"skipped":0,"pct":100},"branches":{"total":0,"covered":0,"skipped":0,"pct":100}}
,"/Users/isrand/projects/ibm/hetsdk/src/crypto/adapters/Kyber.ts": {"lines":{"total":69,"covered":69,"skipped":0,"pct":100},"functions":{"total":10,"covered":10,"skipped":0,"pct":100},"statements":{"total":70,"covered":70,"skipped":0,"pct":100},"branches":{"total":15,"covered":15,"skipped":0,"pct":100}}
,"/Users/isrand/projects/ibm/hetsdk/src/crypto/adapters/RSA.ts": {"lines":{"total":36,"covered":36,"skipped":0,"pct":100},"functions":{"total":8,"covered":8,"skipped":0,"pct":100},"statements":{"total":36,"covered":36,"skipped":0,"pct":100},"branches":{"total":1,"covered":1,"skipped":0,"pct":100}}
,"/Users/isrand/projects/ibm/hetsdk/src/crypto/enums/EncryptionAlgorithms.ts": {"lines":{"total":5,"covered":5,"skipped":0,"pct":100},"functions":{"total":1,"covered":1,"skipped":0,"pct":100},"statements":{"total":5,"covered":5,"skipped":0,"pct":100},"branches":{"total":2,"covered":2,"skipped":0,"pct":100}}
,"/Users/isrand/projects/ibm/hetsdk/src/hedera/HederaStub.ts": {"lines":{"total":45,"covered":45,"skipped":0,"pct":100},"functions":{"total":10,"covered":10,"skipped":0,"pct":100},"statements":{"total":45,"covered":45,"skipped":0,"pct":100},"branches":{"total":16,"covered":12,"skipped":0,"pct":75}}
,"/Users/isrand/projects/ibm/hetsdk/src/hedera/enums/StorageOptions.ts": {"lines":{"total":3,"covered":3,"skipped":0,"pct":100},"functions":{"total":1,"covered":1,"skipped":0,"pct":100},"statements":{"total":3,"covered":3,"skipped":0,"pct":100},"branches":{"total":2,"covered":2,"skipped":0,"pct":100}}
,"/Users/isrand/projects/ibm/hetsdk/src/hedera/enums/TopicConfigurationMessageIndexes.ts": {"lines":{"total":5,"covered":5,"skipped":0,"pct":100},"functions":{"total":1,"covered":1,"skipped":0,"pct":100},"statements":{"total":5,"covered":5,"skipped":0,"pct":100},"branches":{"total":2,"covered":2,"skipped":0,"pct":100}}
}
