{"total": {"lines":{"total":326,"covered":288,"skipped":0,"pct":88.34},"statements":{"total":330,"covered":292,"skipped":0,"pct":88.48},"functions":{"total":58,"covered":54,"skipped":0,"pct":93.1},"branches":{"total":60,"covered":49,"skipped":0,"pct":81.66},"branchesTrue":{"total":0,"covered":0,"skipped":0,"pct":100}}
,"/Users/isrand/projects/ibm/hetsdk/src/index.ts": {"lines":{"total":192,"covered":155,"skipped":0,"pct":80.72},"functions":{"total":29,"covered":26,"skipped":0,"pct":89.65},"statements":{"total":194,"covered":157,"skipped":0,"pct":80.92},"branches":{"total":40,"covered":29,"skipped":0,"pct":72.5}}
,"/Users/isrand/projects/ibm/hetsdk/src/crypto/Crypto.ts": {"lines":{"total":14,"covered":13,"skipped":0,"pct":92.85},"functions":{"total":8,"covered":7,"skipped":0,"pct":87.5},"statements":{"total":15,"covered":14,"skipped":0,"pct":93.33},"branches":{"total":2,"covered":2,"skipped":0,"pct":100}}
,"/Users/isrand/projects/ibm/hetsdk/src/crypto/adapters/DefaultAdapter.ts": {"lines":{"total":10,"covered":10,"skipped":0,"pct":100},"functions":{"total":2,"covered":2,"skipped":0,"pct":100},"statements":{"total":10,"covered":10,"skipped":0,"pct":100},"branches":{"total":0,"covered":0,"skipped":0,"pct":100}}
,"/Users/isrand/projects/ibm/hetsdk/src/crypto/adapters/Kyber.ts": {"lines":{"total":69,"covered":69,"skipped":0,"pct":100},"functions":{"total":10,"covered":10,"skipped":0,"pct":100},"statements":{"total":70,"covered":70,"skipped":0,"pct":100},"branches":{"total":15,"covered":15,"skipped":0,"pct":100}}
,"/Users/isrand/projects/ibm/hetsdk/src/crypto/adapters/RSA.ts": {"lines":{"total":36,"covered":36,"skipped":0,"pct":100},"functions":{"total":8,"covered":8,"skipped":0,"pct":100},"statements":{"total":36,"covered":36,"skipped":0,"pct":100},"branches":{"total":1,"covered":1,"skipped":0,"pct":100}}
,"/Users/isrand/projects/ibm/hetsdk/src/crypto/enums/EncryptionAlgorithms.ts": {"lines":{"total":5,"covered":5,"skipped":0,"pct":100},"functions":{"total":1,"covered":1,"skipped":0,"pct":100},"statements":{"total":5,"covered":5,"skipped":0,"pct":100},"branches":{"total":2,"covered":2,"skipped":0,"pct":100}}
}
